<?xml version="1.0" encoding="utf-8"?><testsuites name="pytest tests"><testsuite name="pytest" errors="0" failures="0" skipped="0" tests="15" time="9.422" timestamp="2026-06-17T17:45:54.796554+00:00" hostname="agent-env-bbf72bc2-cd70-42d4-8c02-01babc010ee3"><testcase classname="backend.tests.backend_test.TestAuth" name="test_login_owner" time="0.534" /><testcase classname="backend.tests.backend_test.TestAuth" name="test_login_invalid" time="0.354" /><testcase classname="backend.tests.backend_test.TestAuth" name="test_me" time="0.451" /><testcase classname="backend.tests.backend_test.TestAuth" name="test_register_new_org" time="0.349" /><testcase classname="backend.tests.backend_test.TestAuth" name="test_register_duplicate_slug" time="0.107" /><testcase classname="backend.tests.backend_test.TestDashboard" name="test_summary" time="0.465" /><testcase classname="backend.tests.backend_test.TestVehicles" name="test_crud_and_rbac" time="1.299" /><testcase classname="backend.tests.backend_test.TestDrivers" name="test_list_and_create" time="0.995" /><testcase classname="backend.tests.backend_test.TestCustomers" name="test_dispatcher_can_create" time="0.578" /><testcase classname="backend.tests.backend_test.TestCustomers" name="test_customer_role_cannot_list_users" time="0.469" /><testcase classname="backend.tests.backend_test.TestDeliveries" name="test_full_workflow" time="1.277" /><testcase classname="backend.tests.backend_test.TestDeliveries" name="test_driver_sees_only_assigned" time="0.441" /><testcase classname="backend.tests.backend_test.TestIsolation" name="test_cross_tenant_invisible" time="0.649" /><testcase classname="backend.tests.backend_test.TestNotificationsAudit" name="test_notifications" time="0.436" /><testcase classname="backend.tests.backend_test.TestNotificationsAudit" name="test_audit_logs_owner_only" time="0.902" /></testsuite></testsuites>